[debug] [2019-01-31T18:09:14.993Z] ----------------------------------------------------------------------
[debug] [2019-01-31T18:09:14.997Z] Command:       C:\Program Files\nodejs\node.exe C:\Users\LQV's Waifu\AppData\Roaming\npm\node_modules\firebase-tools\lib\bin\firebase.js serve --only hosting
[debug] [2019-01-31T18:09:14.997Z] CLI Version:   6.1.2
[debug] [2019-01-31T18:09:14.997Z] Platform:      win32
[debug] [2019-01-31T18:09:14.997Z] Node Version:  v10.10.0
[debug] [2019-01-31T18:09:15.000Z] Time:          Fri Feb 01 2019 01:09:14 GMT+0700 (Indochina Time)
[debug] [2019-01-31T18:09:15.001Z] ----------------------------------------------------------------------
[debug] 
[debug] [2019-01-31T18:09:15.074Z] > command requires scopes: ["email","openid","https://www.googleapis.com/auth/cloudplatformprojects.readonly","https://www.googleapis.com/auth/firebase","https://www.googleapis.com/auth/cloud-platform"]
[debug] [2019-01-31T18:09:15.075Z] > authorizing via signed-in user
[debug] [2019-01-31T18:09:15.075Z] [iam] checking project lqv-remtori for permissions ["firebase.projects.get"]
[debug] [2019-01-31T18:09:15.078Z] > refreshing access token with scopes: ["email","https://www.googleapis.com/auth/cloud-platform","https://www.googleapis.com/auth/cloudplatformprojects.readonly","https://www.googleapis.com/auth/firebase","openid"]
[debug] [2019-01-31T18:09:15.078Z] >>> HTTP REQUEST POST https://www.googleapis.com/oauth2/v3/token  
 <request body omitted>
[debug] [2019-01-31T18:09:15.447Z] <<< HTTP RESPONSE 200
[debug] [2019-01-31T18:09:15.518Z] >>> HTTP REQUEST POST https://cloudresourcemanager.googleapis.com/v1/projects/lqv-remtori:testIamPermissions  

[debug] [2019-01-31T18:09:16.718Z] <<< HTTP RESPONSE 200
[debug] [2019-01-31T18:09:16.719Z] >>> HTTP REQUEST GET https://cloudresourcemanager.googleapis.com/v1/projects/lqv-remtori  
 
[debug] [2019-01-31T18:09:17.863Z] <<< HTTP RESPONSE 200
[info] 
[info] === Serving from 'D:\Code\JavaScript\02-My-website\vanilla'...
[info] 
[debug] [2019-01-31T18:09:17.867Z] >>> HTTP REQUEST GET https://mobilesdk-pa.googleapis.com/v1/projects/363928283563/clients/_:getWebAppConfig  
 
[debug] [2019-01-31T18:09:19.893Z] <<< HTTP RESPONSE 200
[info] i  hosting: Serving hosting files from: public
[info] +  hosting: Local server: http://localhost:5000
